-- The C compiler identification is GNU 9.4.0
-- The CXX compiler identification is GNU 9.4.0
-- Check for working C compiler: /usr/bin/cc
-- Check for working C compiler: /usr/bin/cc -- works
-- Detecting C compiler ABI info
-- Detecting C compiler ABI info - done
-- Detecting C compile features
-- Detecting C compile features - done
-- Check for working CXX compiler: /usr/bin/c++
-- Check for working CXX compiler: /usr/bin/c++ -- works
-- Detecting CXX compiler ABI info
-- Detecting CXX compiler ABI info - done
-- Detecting CXX compile features
-- Detecting CXX compile features - done
-- Found ament_cmake: 0.9.9 (/opt/ros/foxy/share/ament_cmake/cmake)
-- Found PythonInterp: /usr/bin/python3 (found suitable version "3.8.10", minimum required is "3") 
-- Using PYTHON_EXECUTABLE: /usr/bin/python3
-- Found ament_index_cpp: 1.1.0 (/opt/ros/foxy/share/ament_index_cpp/cmake)
-- Found robocup_client: 0.1.0 (/home/azriel19/Documents/File TA/File Simul ICHIRO/ros2_ws/install/robocup_client/share/robocup_client/cmake)
-- Using all available rosidl_typesupport_c: rosidl_typesupport_fastrtps_c;rosidl_typesupport_introspection_c
-- Found rosidl_adapter: 1.2.1 (/opt/ros/foxy/share/rosidl_adapter/cmake)
-- Found OpenSSL: /usr/lib/x86_64-linux-gnu/libcrypto.so (found version "1.1.1f")  
-- Found FastRTPS: /opt/ros/foxy/include  
-- Using all available rosidl_typesupport_cpp: rosidl_typesupport_fastrtps_cpp;rosidl_typesupport_introspection_cpp
-- Found rmw_implementation_cmake: 1.0.3 (/opt/ros/foxy/share/rmw_implementation_cmake/cmake)
-- Using RMW implementation 'rmw_fastrtps_cpp' as default
-- Looking for pthread.h
-- Looking for pthread.h - found
-- Performing Test CMAKE_HAVE_LIBC_PTHREAD
-- Performing Test CMAKE_HAVE_LIBC_PTHREAD - Failed
-- Looking for pthread_create in pthreads
-- Looking for pthread_create in pthreads - not found
-- Looking for pthread_create in pthread
-- Looking for pthread_create in pthread - found
-- Found Threads: TRUE  
-- Found tachimawari: 0.1.0 (/home/azriel19/Documents/File TA/File Simul ICHIRO/ros2_ws/install/tachimawari/share/tachimawari/cmake)
-- Found ament_lint_auto: 0.9.6 (/opt/ros/foxy/share/ament_lint_auto/cmake)
-- Added test 'copyright' to check source files copyright and LICENSE
-- Added test 'cppcheck' to perform static code analysis on C / C++ code
-- Configured cppcheck include dirs: $<BUILD_INTERFACE:/home/azriel19/Documents/File TA/File Simul ICHIRO/ros2_ws/src/akushon/include>
-- Configured cppcheck exclude dirs and/or files: 
-- Added test 'cpplint' to check C / C++ code against the Google style
-- Configured cpplint exclude dirs and/or files: 
-- Added test 'lint_cmake' to check CMake code style
-- Added test 'uncrustify' to check C / C++ code style
-- Configured uncrustify additional arguments: 
-- Added test 'xmllint' to check XML markup files
-- Configuring done
-- Generating done
-- Build files have been written to: /home/azriel19/Documents/File TA/File Simul ICHIRO/ros2_ws/build/akushon
[35m[1mScanning dependencies of target akushon[0m
[ 16%] [32mBuilding CXX object CMakeFiles/akushon.dir/src/akushon/pose.cpp.o[0m
[ 33%] [32mBuilding CXX object CMakeFiles/akushon.dir/src/akushon/action_manager.cpp.o[0m
[ 50%] [32mBuilding CXX object CMakeFiles/akushon.dir/src/akushon/action.cpp.o[0m
In file included from [01m[K/home/azriel19/Documents/File TA/File Simul ICHIRO/ros2_ws/src/akushon/src/akushon/action.cpp:21[m[K:
[01m[K/home/azriel19/Documents/File TA/File Simul ICHIRO/ros2_ws/src/akushon/include/akushon/action.hpp:[m[K In constructor â€˜[01m[Kakushon::Action::Action(const string&)[m[Kâ€™:
[01m[K/home/azriel19/Documents/File TA/File Simul ICHIRO/ros2_ws/src/akushon/include/akushon/action.hpp:71:8:[m[K [01;35m[Kwarning: [m[Kâ€˜[01m[Kakushon::Action::is_start[m[Kâ€™ will be initialized after [[01;35m[K-Wreorder[m[K]
   71 |   bool [01;35m[Kis_start[m[K;
      |        [01;35m[K^~~~~~~~[m[K
[01m[K/home/azriel19/Documents/File TA/File Simul ICHIRO/ros2_ws/src/akushon/include/akushon/action.hpp:70:7:[m[K [01;35m[Kwarning: [m[K  â€˜[01m[Kint akushon::Action::start_stop_time[m[Kâ€™ [[01;35m[K-Wreorder[m[K]
   70 |   int [01;35m[Kstart_stop_time[m[K;
      |       [01;35m[K^~~~~~~~~~~~~~~[m[K
[01m[K/home/azriel19/Documents/File TA/File Simul ICHIRO/ros2_ws/src/akushon/src/akushon/action.cpp:31:1:[m[K [01;35m[Kwarning: [m[K  when initialized here [[01;35m[K-Wreorder[m[K]
   31 | [01;35m[KAction[m[K::Action(const std::string & action_name)
      | [01;35m[K^~~~~~[m[K
[ 66%] [32m[1mLinking CXX shared library libakushon.so[0m
[ 66%] Built target akushon
[35m[1mScanning dependencies of target action_manager[0m
[ 83%] [32mBuilding CXX object CMakeFiles/action_manager.dir/src/action_manager_main.cpp.o[0m
[01m[K/home/azriel19/Documents/File TA/File Simul ICHIRO/ros2_ws/src/akushon/src/action_manager_main.cpp:[m[K In function â€˜[01m[Kint main(int, char**)[m[Kâ€™:
[01m[K/home/azriel19/Documents/File TA/File Simul ICHIRO/ros2_ws/src/akushon/src/action_manager_main.cpp:112:7:[m[K [01;31m[Kerror: [m[Kâ€˜[01m[Karray[m[Kâ€™ was not declared in this scope
  112 |       [01;31m[Karray[m[K = hitung(array);
      |       [01;31m[K^~~~~[m[K
[01m[K/home/azriel19/Documents/File TA/File Simul ICHIRO/ros2_ws/src/akushon/src/action_manager_main.cpp:112:7:[m[K [01;36m[Knote: [m[Ksuggested alternatives:
In file included from [01m[K/usr/include/c++/9/tuple:39[m[K,
                 from [01m[K/usr/include/c++/9/functional:54[m[K,
                 from [01m[K/usr/include/c++/9/pstl/glue_algorithm_defs.h:13[m[K,
                 from [01m[K/usr/include/c++/9/algorithm:71[m[K,
                 from [01m[K/usr/include/google/protobuf/stubs/common.h:38[m[K,
                 from [01m[K/home/azriel19/Documents/File TA/File Simul ICHIRO/ros2_ws/install/robocup_client/include/robocup_client/./messages.pb.h:9[m[K,
                 from [01m[K/home/azriel19/Documents/File TA/File Simul ICHIRO/ros2_ws/install/robocup_client/include/robocup_client/robocup_client.hpp:24[m[K,
                 from [01m[K/home/azriel19/Documents/File TA/File Simul ICHIRO/ros2_ws/src/akushon/src/action_manager_main.cpp:21[m[K:
[01m[K/usr/include/c++/9/array:94:12:[m[K [01;36m[Knote: [m[K  â€˜[01m[Kstd::array[m[Kâ€™
   94 |     struct [01;36m[Karray[m[K
      |            [01;36m[K^~~~~[m[K
In file included from [01m[K/usr/include/nlohmann/detail/conversions/from_json.hpp:20[m[K,
                 from [01m[K/usr/include/nlohmann/adl_serializer.hpp:5[m[K,
                 from [01m[K/usr/include/nlohmann/json.hpp:51[m[K,
                 from [01m[K/home/azriel19/Documents/File TA/File Simul ICHIRO/ros2_ws/src/akushon/include/akushon/action.hpp:25[m[K,
                 from [01m[K/home/azriel19/Documents/File TA/File Simul ICHIRO/ros2_ws/src/akushon/include/akushon/action_manager.hpp:28[m[K,
                 from [01m[K/home/azriel19/Documents/File TA/File Simul ICHIRO/ros2_ws/src/akushon/src/action_manager_main.cpp:29[m[K:
[01m[K/usr/include/nlohmann/detail/value_t.hpp:45:5:[m[K [01;36m[Knote: [m[K  â€˜[01m[Knlohmann::detail::value_t::array[m[Kâ€™
   45 |     [01;36m[Karray[m[K,            ///< array (ordered collection of values)
      |     [01;36m[K^~~~~[m[K
[01m[K/home/azriel19/Documents/File TA/File Simul ICHIRO/ros2_ws/src/akushon/src/action_manager_main.cpp:112:15:[m[K [01;31m[Kerror: [m[Kâ€˜[01m[Khitung[m[Kâ€™ was not declared in this scope
  112 |       array = [01;31m[Khitung[m[K(array);
      |               [01;31m[K^~~~~~[m[K
[01m[K/home/azriel19/Documents/File TA/File Simul ICHIRO/ros2_ws/src/akushon/src/action_manager_main.cpp:137:5:[m[K [01;31m[Kerror: [m[Kexpected â€˜[01m[Kcatch[m[Kâ€™ before â€˜[01m[K}[m[Kâ€™ token
  137 |     [01;31m[K}[m[K catch (const std::runtime_error & exc) {
      |     [01;31m[K^[m[K
[01m[K/home/azriel19/Documents/File TA/File Simul ICHIRO/ros2_ws/src/akushon/src/action_manager_main.cpp:137:5:[m[K [01;31m[Kerror: [m[Kexpected â€˜[01m[K([m[Kâ€™ before â€˜[01m[K}[m[Kâ€™ token
  137 |     [01;31m[K}[m[K catch (const std::runtime_error & exc) {
      |     [01;31m[K^[m[K
      |     [32m[K([m[K
[01m[K/home/azriel19/Documents/File TA/File Simul ICHIRO/ros2_ws/src/akushon/src/action_manager_main.cpp:137:5:[m[K [01;31m[Kerror: [m[Kexpected type-specifier before â€˜[01m[K}[m[Kâ€™ token
[01m[K/home/azriel19/Documents/File TA/File Simul ICHIRO/ros2_ws/src/akushon/src/action_manager_main.cpp:136:8:[m[K [01;31m[Kerror: [m[Kexpected â€˜[01m[K)[m[Kâ€™ before â€˜[01m[K}[m[Kâ€™ token
  136 |       }
      |        [01;31m[K^[m[K
      |        [32m[K)[m[K
  137 |     [32m[K}[m[K catch (const std::runtime_error & exc) {
      |     [32m[K~[m[K   
[01m[K/home/azriel19/Documents/File TA/File Simul ICHIRO/ros2_ws/src/akushon/src/action_manager_main.cpp:137:5:[m[K [01;31m[Kerror: [m[Kexpected â€˜[01m[K{[m[Kâ€™ before â€˜[01m[K}[m[Kâ€™ token
  137 |     [01;31m[K}[m[K catch (const std::runtime_error & exc) {
      |     [01;31m[K^[m[K
[01m[K/home/azriel19/Documents/File TA/File Simul ICHIRO/ros2_ws/src/akushon/src/action_manager_main.cpp:137:7:[m[K [01;31m[Kerror: [m[Kexpected primary-expression before â€˜[01m[Kcatch[m[Kâ€™
  137 |     } [01;31m[Kcatch[m[K (const std::runtime_error & exc) {
      |       [01;31m[K^~~~~[m[K
[01m[K/home/azriel19/Documents/File TA/File Simul ICHIRO/ros2_ws/src/akushon/src/action_manager_main.cpp:[m[K At global scope:
[01m[K/home/azriel19/Documents/File TA/File Simul ICHIRO/ros2_ws/src/akushon/src/action_manager_main.cpp:142:3:[m[K [01;31m[Kerror: [m[Kexpected unqualified-id before â€˜[01m[Kreturn[m[Kâ€™
  142 |   [01;31m[Kreturn[m[K 0;
      |   [01;31m[K^~~~~~[m[K
[01m[K/home/azriel19/Documents/File TA/File Simul ICHIRO/ros2_ws/src/akushon/src/action_manager_main.cpp:143:1:[m[K [01;31m[Kerror: [m[Kexpected declaration before â€˜[01m[K}[m[Kâ€™ token
  143 | [01;31m[K}[m[K
      | [01;31m[K^[m[K
make[2]: *** [CMakeFiles/action_manager.dir/build.make:63: CMakeFiles/action_manager.dir/src/action_manager_main.cpp.o] Error 1
make[1]: *** [CMakeFiles/Makefile2:80: CMakeFiles/action_manager.dir/all] Error 2
make: *** [Makefile:141: all] Error 2
