[0.029s] Invoking command in '/home/azriel19/Documents/File TA/File Simul ICHIRO/ros2_ws/build/akushon': AMENT_PREFIX_PATH=/home/azriel19/Documents/File TA/File Simul ICHIRO/ros2_ws/install/tachimawari:/home/azriel19/Documents/File TA/File Simul ICHIRO/ros2_ws/install/robocup_client:/home/azriel19/Documents/File TA/File Simul ICHIRO/ros2_ws/install/tachimawari_interfaces:/home/azriel19/Documents/File TA/File Simul ICHIRO/ros2_ws/install/musen:/home/azriel19/Documents/File TA/File Simul ICHIRO/ros2_ws/install/keisan:${AMENT_PREFIX_PATH} CMAKE_PREFIX_PATH=/home/azriel19/Documents/File TA/File Simul ICHIRO/ros2_ws/install/tachimawari:/home/azriel19/Documents/File TA/File Simul ICHIRO/ros2_ws/install/robocup_client:/home/azriel19/Documents/File TA/File Simul ICHIRO/ros2_ws/install/tachimawari_interfaces:/home/azriel19/Documents/File TA/File Simul ICHIRO/ros2_ws/install/musen:/home/azriel19/Documents/File TA/File Simul ICHIRO/ros2_ws/install/keisan:/opt/ros/foxy LD_LIBRARY_PATH=/home/azriel19/Documents/File TA/File Simul ICHIRO/ros2_ws/install/tachimawari/lib:/home/azriel19/Documents/File TA/File Simul ICHIRO/ros2_ws/install/robocup_client/lib:/home/azriel19/Documents/File TA/File Simul ICHIRO/ros2_ws/install/tachimawari_interfaces/lib:/home/azriel19/Documents/File TA/File Simul ICHIRO/ros2_ws/install/musen/lib:/home/azriel19/Documents/File TA/File Simul ICHIRO/ros2_ws/install/keisan/lib:${LD_LIBRARY_PATH} PYTHONPATH=/home/azriel19/Documents/File TA/File Simul ICHIRO/ros2_ws/install/tachimawari_interfaces/lib/python3.8/site-packages:${PYTHONPATH} /usr/bin/cmake /home/azriel19/Documents/File TA/File Simul ICHIRO/ros2_ws/src/akushon -DCMAKE_INSTALL_PREFIX=/home/azriel19/Documents/File TA/File Simul ICHIRO/ros2_ws/install/akushon
[0.091s] -- The C compiler identification is GNU 9.4.0
[0.168s] -- The CXX compiler identification is GNU 9.4.0
[0.173s] -- Check for working C compiler: /usr/bin/cc
[0.257s] -- Check for working C compiler: /usr/bin/cc -- works
[0.258s] -- Detecting C compiler ABI info
[0.359s] -- Detecting C compiler ABI info - done
[0.378s] -- Detecting C compile features
[0.379s] -- Detecting C compile features - done
[0.383s] -- Check for working CXX compiler: /usr/bin/c++
[0.487s] -- Check for working CXX compiler: /usr/bin/c++ -- works
[0.489s] -- Detecting CXX compiler ABI info
[0.574s] -- Detecting CXX compiler ABI info - done
[0.596s] -- Detecting CXX compile features
[0.597s] -- Detecting CXX compile features - done
[0.600s] -- Found ament_cmake: 0.9.9 (/opt/ros/foxy/share/ament_cmake/cmake)
[0.633s] -- Found PythonInterp: /usr/bin/python3 (found suitable version "3.8.10", minimum required is "3") 
[0.633s] -- Using PYTHON_EXECUTABLE: /usr/bin/python3
[0.965s] -- Found ament_index_cpp: 1.1.0 (/opt/ros/foxy/share/ament_index_cpp/cmake)
[0.970s] -- Found robocup_client: 0.1.0 (/home/azriel19/Documents/File TA/File Simul ICHIRO/ros2_ws/install/robocup_client/share/robocup_client/cmake)
[1.047s] -- Using all available rosidl_typesupport_c: rosidl_typesupport_fastrtps_c;rosidl_typesupport_introspection_c
[1.057s] -- Found rosidl_adapter: 1.2.1 (/opt/ros/foxy/share/rosidl_adapter/cmake)
[1.163s] -- Found OpenSSL: /usr/lib/x86_64-linux-gnu/libcrypto.so (found version "1.1.1f")  
[1.194s] -- Found FastRTPS: /opt/ros/foxy/include  
[1.306s] -- Using all available rosidl_typesupport_cpp: rosidl_typesupport_fastrtps_cpp;rosidl_typesupport_introspection_cpp
[1.390s] -- Found rmw_implementation_cmake: 1.0.3 (/opt/ros/foxy/share/rmw_implementation_cmake/cmake)
[1.392s] -- Using RMW implementation 'rmw_fastrtps_cpp' as default
[1.393s] -- Looking for pthread.h
[1.479s] -- Looking for pthread.h - found
[1.481s] -- Performing Test CMAKE_HAVE_LIBC_PTHREAD
[1.583s] -- Performing Test CMAKE_HAVE_LIBC_PTHREAD - Failed
[1.583s] -- Looking for pthread_create in pthreads
[1.667s] -- Looking for pthread_create in pthreads - not found
[1.667s] -- Looking for pthread_create in pthread
[1.754s] -- Looking for pthread_create in pthread - found
[1.756s] -- Found Threads: TRUE  
[2.104s] -- Found tachimawari: 0.1.0 (/home/azriel19/Documents/File TA/File Simul ICHIRO/ros2_ws/install/tachimawari/share/tachimawari/cmake)
[2.172s] -- Found ament_lint_auto: 0.9.6 (/opt/ros/foxy/share/ament_lint_auto/cmake)
[2.269s] -- Added test 'copyright' to check source files copyright and LICENSE
[2.276s] -- Added test 'cppcheck' to perform static code analysis on C / C++ code
[2.277s] -- Configured cppcheck include dirs: $<BUILD_INTERFACE:/home/azriel19/Documents/File TA/File Simul ICHIRO/ros2_ws/src/akushon/include>
[2.277s] -- Configured cppcheck exclude dirs and/or files: 
[2.284s] -- Added test 'cpplint' to check C / C++ code against the Google style
[2.284s] -- Configured cpplint exclude dirs and/or files: 
[2.288s] -- Added test 'lint_cmake' to check CMake code style
[2.295s] -- Added test 'uncrustify' to check C / C++ code style
[2.296s] -- Configured uncrustify additional arguments: 
[2.297s] -- Added test 'xmllint' to check XML markup files
[2.307s] -- Configuring done
[2.361s] -- Generating done
[2.365s] -- Build files have been written to: /home/azriel19/Documents/File TA/File Simul ICHIRO/ros2_ws/build/akushon
[2.380s] Invoked command in '/home/azriel19/Documents/File TA/File Simul ICHIRO/ros2_ws/build/akushon' returned '0': AMENT_PREFIX_PATH=/home/azriel19/Documents/File TA/File Simul ICHIRO/ros2_ws/install/tachimawari:/home/azriel19/Documents/File TA/File Simul ICHIRO/ros2_ws/install/robocup_client:/home/azriel19/Documents/File TA/File Simul ICHIRO/ros2_ws/install/tachimawari_interfaces:/home/azriel19/Documents/File TA/File Simul ICHIRO/ros2_ws/install/musen:/home/azriel19/Documents/File TA/File Simul ICHIRO/ros2_ws/install/keisan:${AMENT_PREFIX_PATH} CMAKE_PREFIX_PATH=/home/azriel19/Documents/File TA/File Simul ICHIRO/ros2_ws/install/tachimawari:/home/azriel19/Documents/File TA/File Simul ICHIRO/ros2_ws/install/robocup_client:/home/azriel19/Documents/File TA/File Simul ICHIRO/ros2_ws/install/tachimawari_interfaces:/home/azriel19/Documents/File TA/File Simul ICHIRO/ros2_ws/install/musen:/home/azriel19/Documents/File TA/File Simul ICHIRO/ros2_ws/install/keisan:/opt/ros/foxy LD_LIBRARY_PATH=/home/azriel19/Documents/File TA/File Simul ICHIRO/ros2_ws/install/tachimawari/lib:/home/azriel19/Documents/File TA/File Simul ICHIRO/ros2_ws/install/robocup_client/lib:/home/azriel19/Documents/File TA/File Simul ICHIRO/ros2_ws/install/tachimawari_interfaces/lib:/home/azriel19/Documents/File TA/File Simul ICHIRO/ros2_ws/install/musen/lib:/home/azriel19/Documents/File TA/File Simul ICHIRO/ros2_ws/install/keisan/lib:${LD_LIBRARY_PATH} PYTHONPATH=/home/azriel19/Documents/File TA/File Simul ICHIRO/ros2_ws/install/tachimawari_interfaces/lib/python3.8/site-packages:${PYTHONPATH} /usr/bin/cmake /home/azriel19/Documents/File TA/File Simul ICHIRO/ros2_ws/src/akushon -DCMAKE_INSTALL_PREFIX=/home/azriel19/Documents/File TA/File Simul ICHIRO/ros2_ws/install/akushon
[2.384s] Invoking command in '/home/azriel19/Documents/File TA/File Simul ICHIRO/ros2_ws/build/akushon': AMENT_PREFIX_PATH=/home/azriel19/Documents/File TA/File Simul ICHIRO/ros2_ws/install/tachimawari:/home/azriel19/Documents/File TA/File Simul ICHIRO/ros2_ws/install/robocup_client:/home/azriel19/Documents/File TA/File Simul ICHIRO/ros2_ws/install/tachimawari_interfaces:/home/azriel19/Documents/File TA/File Simul ICHIRO/ros2_ws/install/musen:/home/azriel19/Documents/File TA/File Simul ICHIRO/ros2_ws/install/keisan:${AMENT_PREFIX_PATH} CMAKE_PREFIX_PATH=/home/azriel19/Documents/File TA/File Simul ICHIRO/ros2_ws/install/tachimawari:/home/azriel19/Documents/File TA/File Simul ICHIRO/ros2_ws/install/robocup_client:/home/azriel19/Documents/File TA/File Simul ICHIRO/ros2_ws/install/tachimawari_interfaces:/home/azriel19/Documents/File TA/File Simul ICHIRO/ros2_ws/install/musen:/home/azriel19/Documents/File TA/File Simul ICHIRO/ros2_ws/install/keisan:/opt/ros/foxy LD_LIBRARY_PATH=/home/azriel19/Documents/File TA/File Simul ICHIRO/ros2_ws/install/tachimawari/lib:/home/azriel19/Documents/File TA/File Simul ICHIRO/ros2_ws/install/robocup_client/lib:/home/azriel19/Documents/File TA/File Simul ICHIRO/ros2_ws/install/tachimawari_interfaces/lib:/home/azriel19/Documents/File TA/File Simul ICHIRO/ros2_ws/install/musen/lib:/home/azriel19/Documents/File TA/File Simul ICHIRO/ros2_ws/install/keisan/lib:${LD_LIBRARY_PATH} PYTHONPATH=/home/azriel19/Documents/File TA/File Simul ICHIRO/ros2_ws/install/tachimawari_interfaces/lib/python3.8/site-packages:${PYTHONPATH} /usr/bin/cmake --build /home/azriel19/Documents/File TA/File Simul ICHIRO/ros2_ws/build/akushon -- -j4 -l4
[2.466s] [35m[1mScanning dependencies of target akushon[0m
[2.544s] [ 16%] [32mBuilding CXX object CMakeFiles/akushon.dir/src/akushon/pose.cpp.o[0m
[3.139s] [ 33%] [32mBuilding CXX object CMakeFiles/akushon.dir/src/akushon/action_manager.cpp.o[0m
[6.642s] [ 50%] [32mBuilding CXX object CMakeFiles/akushon.dir/src/akushon/action.cpp.o[0m
[7.598s] In file included from [01m[K/home/azriel19/Documents/File TA/File Simul ICHIRO/ros2_ws/src/akushon/src/akushon/action.cpp:21[m[K:
[7.598s] [01m[K/home/azriel19/Documents/File TA/File Simul ICHIRO/ros2_ws/src/akushon/include/akushon/action.hpp:[m[K In constructor â€˜[01m[Kakushon::Action::Action(const string&)[m[Kâ€™:
[7.598s] [01m[K/home/azriel19/Documents/File TA/File Simul ICHIRO/ros2_ws/src/akushon/include/akushon/action.hpp:71:8:[m[K [01;35m[Kwarning: [m[Kâ€˜[01m[Kakushon::Action::is_start[m[Kâ€™ will be initialized after [[01;35m[K-Wreorder[m[K]
[7.599s]    71 |   bool [01;35m[Kis_start[m[K;
[7.599s]       |        [01;35m[K^~~~~~~~[m[K
[7.599s] [01m[K/home/azriel19/Documents/File TA/File Simul ICHIRO/ros2_ws/src/akushon/include/akushon/action.hpp:70:7:[m[K [01;35m[Kwarning: [m[K  â€˜[01m[Kint akushon::Action::start_stop_time[m[Kâ€™ [[01;35m[K-Wreorder[m[K]
[7.599s]    70 |   int [01;35m[Kstart_stop_time[m[K;
[7.599s]       |       [01;35m[K^~~~~~~~~~~~~~~[m[K
[7.599s] [01m[K/home/azriel19/Documents/File TA/File Simul ICHIRO/ros2_ws/src/akushon/src/akushon/action.cpp:31:1:[m[K [01;35m[Kwarning: [m[K  when initialized here [[01;35m[K-Wreorder[m[K]
[7.600s]    31 | [01;35m[KAction[m[K::Action(const std::string & action_name)
[7.600s]       | [01;35m[K^~~~~~[m[K
[9.397s] [ 66%] [32m[1mLinking CXX shared library libakushon.so[0m
[9.593s] [ 66%] Built target akushon
[9.608s] [35m[1mScanning dependencies of target action_manager[0m
[9.662s] [ 83%] [32mBuilding CXX object CMakeFiles/action_manager.dir/src/action_manager_main.cpp.o[0m
[12.839s] [01m[K/home/azriel19/Documents/File TA/File Simul ICHIRO/ros2_ws/src/akushon/src/action_manager_main.cpp:[m[K In function â€˜[01m[Kint main(int, char**)[m[Kâ€™:
[12.840s] [01m[K/home/azriel19/Documents/File TA/File Simul ICHIRO/ros2_ws/src/akushon/src/action_manager_main.cpp:112:7:[m[K [01;31m[Kerror: [m[Kâ€˜[01m[Karray[m[Kâ€™ was not declared in this scope
[12.840s]   112 |       [01;31m[Karray[m[K = hitung(array);
[12.840s]       |       [01;31m[K^~~~~[m[K
[12.840s] [01m[K/home/azriel19/Documents/File TA/File Simul ICHIRO/ros2_ws/src/akushon/src/action_manager_main.cpp:112:7:[m[K [01;36m[Knote: [m[Ksuggested alternatives:
[12.840s] In file included from [01m[K/usr/include/c++/9/tuple:39[m[K,
[12.840s]                  from [01m[K/usr/include/c++/9/functional:54[m[K,
[12.840s]                  from [01m[K/usr/include/c++/9/pstl/glue_algorithm_defs.h:13[m[K,
[12.840s]                  from [01m[K/usr/include/c++/9/algorithm:71[m[K,
[12.841s]                  from [01m[K/usr/include/google/protobuf/stubs/common.h:38[m[K,
[12.841s]                  from [01m[K/home/azriel19/Documents/File TA/File Simul ICHIRO/ros2_ws/install/robocup_client/include/robocup_client/./messages.pb.h:9[m[K,
[12.841s]                  from [01m[K/home/azriel19/Documents/File TA/File Simul ICHIRO/ros2_ws/install/robocup_client/include/robocup_client/robocup_client.hpp:24[m[K,
[12.841s]                  from [01m[K/home/azriel19/Documents/File TA/File Simul ICHIRO/ros2_ws/src/akushon/src/action_manager_main.cpp:21[m[K:
[12.841s] [01m[K/usr/include/c++/9/array:94:12:[m[K [01;36m[Knote: [m[K  â€˜[01m[Kstd::array[m[Kâ€™
[12.841s]    94 |     struct [01;36m[Karray[m[K
[12.841s]       |            [01;36m[K^~~~~[m[K
[12.841s] In file included from [01m[K/usr/include/nlohmann/detail/conversions/from_json.hpp:20[m[K,
[12.842s]                  from [01m[K/usr/include/nlohmann/adl_serializer.hpp:5[m[K,
[12.842s]                  from [01m[K/usr/include/nlohmann/json.hpp:51[m[K,
[12.842s]                  from [01m[K/home/azriel19/Documents/File TA/File Simul ICHIRO/ros2_ws/src/akushon/include/akushon/action.hpp:25[m[K,
[12.842s]                  from [01m[K/home/azriel19/Documents/File TA/File Simul ICHIRO/ros2_ws/src/akushon/include/akushon/action_manager.hpp:28[m[K,
[12.842s]                  from [01m[K/home/azriel19/Documents/File TA/File Simul ICHIRO/ros2_ws/src/akushon/src/action_manager_main.cpp:29[m[K:
[12.842s] [01m[K/usr/include/nlohmann/detail/value_t.hpp:45:5:[m[K [01;36m[Knote: [m[K  â€˜[01m[Knlohmann::detail::value_t::array[m[Kâ€™
[12.842s]    45 |     [01;36m[Karray[m[K,            ///< array (ordered collection of values)
[12.842s]       |     [01;36m[K^~~~~[m[K
[12.843s] [01m[K/home/azriel19/Documents/File TA/File Simul ICHIRO/ros2_ws/src/akushon/src/action_manager_main.cpp:112:15:[m[K [01;31m[Kerror: [m[Kâ€˜[01m[Khitung[m[Kâ€™ was not declared in this scope
[12.843s]   112 |       array = [01;31m[Khitung[m[K(array);
[12.843s]       |               [01;31m[K^~~~~~[m[K
[12.845s] [01m[K/home/azriel19/Documents/File TA/File Simul ICHIRO/ros2_ws/src/akushon/src/action_manager_main.cpp:137:5:[m[K [01;31m[Kerror: [m[Kexpected â€˜[01m[Kcatch[m[Kâ€™ before â€˜[01m[K}[m[Kâ€™ token
[12.845s]   137 |     [01;31m[K}[m[K catch (const std::runtime_error & exc) {
[12.846s]       |     [01;31m[K^[m[K
[12.846s] [01m[K/home/azriel19/Documents/File TA/File Simul ICHIRO/ros2_ws/src/akushon/src/action_manager_main.cpp:137:5:[m[K [01;31m[Kerror: [m[Kexpected â€˜[01m[K([m[Kâ€™ before â€˜[01m[K}[m[Kâ€™ token
[12.846s]   137 |     [01;31m[K}[m[K catch (const std::runtime_error & exc) {
[12.846s]       |     [01;31m[K^[m[K
[12.846s]       |     [32m[K([m[K
[12.846s] [01m[K/home/azriel19/Documents/File TA/File Simul ICHIRO/ros2_ws/src/akushon/src/action_manager_main.cpp:137:5:[m[K [01;31m[Kerror: [m[Kexpected type-specifier before â€˜[01m[K}[m[Kâ€™ token
[12.847s] [01m[K/home/azriel19/Documents/File TA/File Simul ICHIRO/ros2_ws/src/akushon/src/action_manager_main.cpp:136:8:[m[K [01;31m[Kerror: [m[Kexpected â€˜[01m[K)[m[Kâ€™ before â€˜[01m[K}[m[Kâ€™ token
[12.847s]   136 |       }
[12.847s]       |        [01;31m[K^[m[K
[12.847s]       |        [32m[K)[m[K
[12.847s]   137 |     [32m[K}[m[K catch (const std::runtime_error & exc) {
[12.847s]       |     [32m[K~[m[K   
[12.848s] [01m[K/home/azriel19/Documents/File TA/File Simul ICHIRO/ros2_ws/src/akushon/src/action_manager_main.cpp:137:5:[m[K [01;31m[Kerror: [m[Kexpected â€˜[01m[K{[m[Kâ€™ before â€˜[01m[K}[m[Kâ€™ token
[12.848s]   137 |     [01;31m[K}[m[K catch (const std::runtime_error & exc) {
[12.848s]       |     [01;31m[K^[m[K
[12.848s] [01m[K/home/azriel19/Documents/File TA/File Simul ICHIRO/ros2_ws/src/akushon/src/action_manager_main.cpp:137:7:[m[K [01;31m[Kerror: [m[Kexpected primary-expression before â€˜[01m[Kcatch[m[Kâ€™
[12.848s]   137 |     } [01;31m[Kcatch[m[K (const std::runtime_error & exc) {
[12.848s]       |       [01;31m[K^~~~~[m[K
[12.849s] [01m[K/home/azriel19/Documents/File TA/File Simul ICHIRO/ros2_ws/src/akushon/src/action_manager_main.cpp:[m[K At global scope:
[12.849s] [01m[K/home/azriel19/Documents/File TA/File Simul ICHIRO/ros2_ws/src/akushon/src/action_manager_main.cpp:142:3:[m[K [01;31m[Kerror: [m[Kexpected unqualified-id before â€˜[01m[Kreturn[m[Kâ€™
[12.849s]   142 |   [01;31m[Kreturn[m[K 0;
[12.849s]       |   [01;31m[K^~~~~~[m[K
[12.849s] [01m[K/home/azriel19/Documents/File TA/File Simul ICHIRO/ros2_ws/src/akushon/src/action_manager_main.cpp:143:1:[m[K [01;31m[Kerror: [m[Kexpected declaration before â€˜[01m[K}[m[Kâ€™ token
[12.849s]   143 | [01;31m[K}[m[K
[12.849s]       | [01;31m[K^[m[K
[14.038s] make[2]: *** [CMakeFiles/action_manager.dir/build.make:63: CMakeFiles/action_manager.dir/src/action_manager_main.cpp.o] Error 1
[14.038s] make[1]: *** [CMakeFiles/Makefile2:80: CMakeFiles/action_manager.dir/all] Error 2
[14.038s] make: *** [Makefile:141: all] Error 2
[14.040s] Invoked command in '/home/azriel19/Documents/File TA/File Simul ICHIRO/ros2_ws/build/akushon' returned '2': AMENT_PREFIX_PATH=/home/azriel19/Documents/File TA/File Simul ICHIRO/ros2_ws/install/tachimawari:/home/azriel19/Documents/File TA/File Simul ICHIRO/ros2_ws/install/robocup_client:/home/azriel19/Documents/File TA/File Simul ICHIRO/ros2_ws/install/tachimawari_interfaces:/home/azriel19/Documents/File TA/File Simul ICHIRO/ros2_ws/install/musen:/home/azriel19/Documents/File TA/File Simul ICHIRO/ros2_ws/install/keisan:${AMENT_PREFIX_PATH} CMAKE_PREFIX_PATH=/home/azriel19/Documents/File TA/File Simul ICHIRO/ros2_ws/install/tachimawari:/home/azriel19/Documents/File TA/File Simul ICHIRO/ros2_ws/install/robocup_client:/home/azriel19/Documents/File TA/File Simul ICHIRO/ros2_ws/install/tachimawari_interfaces:/home/azriel19/Documents/File TA/File Simul ICHIRO/ros2_ws/install/musen:/home/azriel19/Documents/File TA/File Simul ICHIRO/ros2_ws/install/keisan:/opt/ros/foxy LD_LIBRARY_PATH=/home/azriel19/Documents/File TA/File Simul ICHIRO/ros2_ws/install/tachimawari/lib:/home/azriel19/Documents/File TA/File Simul ICHIRO/ros2_ws/install/robocup_client/lib:/home/azriel19/Documents/File TA/File Simul ICHIRO/ros2_ws/install/tachimawari_interfaces/lib:/home/azriel19/Documents/File TA/File Simul ICHIRO/ros2_ws/install/musen/lib:/home/azriel19/Documents/File TA/File Simul ICHIRO/ros2_ws/install/keisan/lib:${LD_LIBRARY_PATH} PYTHONPATH=/home/azriel19/Documents/File TA/File Simul ICHIRO/ros2_ws/install/tachimawari_interfaces/lib/python3.8/site-packages:${PYTHONPATH} /usr/bin/cmake --build /home/azriel19/Documents/File TA/File Simul ICHIRO/ros2_ws/build/akushon -- -j4 -l4
